[debug] [2025-10-17T04:33:57.523Z] ----------------------------------------------------------------------
[debug] [2025-10-17T04:33:57.525Z] Command:       /nix/store/ixbb20farqh1f4fqbmsn6b1ixn8mc8ij-nodejs-20.18.1/bin/node /home/user/.npm/_npx/ba4f1959e38407b5/node_modules/.bin/firebase init dataconnect --project monospace-15
[debug] [2025-10-17T04:33:57.526Z] CLI Version:   14.20.0
[debug] [2025-10-17T04:33:57.526Z] Platform:      linux
[debug] [2025-10-17T04:33:57.526Z] Node Version:  v20.18.1
[debug] [2025-10-17T04:33:57.526Z] Time:          Fri Oct 17 2025 04:33:57 GMT+0000 (Coordinated Universal Time)
[debug] [2025-10-17T04:33:57.526Z] ----------------------------------------------------------------------
[debug] 
[debug] [2025-10-17T04:33:57.528Z] >>> [apiv2][query] GET https://firebase-public.firebaseio.com/cli.json [none]
[info] 
     ######## #### ########  ######## ########     ###     ######  ########
     ##        ##  ##     ## ##       ##     ##  ##   ##  ##       ##
     ######    ##  ########  ######   ########  #########  ######  ######
     ##        ##  ##    ##  ##       ##     ## ##     ##       ## ##
     ##       #### ##     ## ######## ########  ##     ##  ######  ########

You're about to initialize a Firebase project in this directory:

  /home/user/Mobile-Knit-and-Crochet-App

[info] 
=== Project Setup
[info] 
[info] First, let's associate this project directory with a Firebase project.
[info] You can create multiple project aliases by running firebase use --add, 
[info] 
[debug] [2025-10-17T04:33:57.610Z] > command requires scopes: ["email","openid","https://www.googleapis.com/auth/cloudplatformprojects.readonly","https://www.googleapis.com/auth/firebase","https://www.googleapis.com/auth/cloud-platform","https://www.googleapis.com/auth/userinfo.email"]
[debug] [2025-10-17T04:33:57.610Z] > authorizing via signed-in user (wes.boyle445@gmail.com)
[debug] [2025-10-17T04:33:57.611Z] No OAuth tokens found
[debug] [2025-10-17T04:33:57.611Z] No OAuth tokens found
[debug] [2025-10-17T04:33:57.611Z] > command requires scopes: ["email","openid","https://www.googleapis.com/auth/cloudplatformprojects.readonly","https://www.googleapis.com/auth/firebase","https://www.googleapis.com/auth/cloud-platform","https://www.googleapis.com/auth/userinfo.email"]
[debug] [2025-10-17T04:33:57.611Z] > authorizing via signed-in user (wes.boyle445@gmail.com)
[debug] [2025-10-17T04:33:57.612Z] >>> [apiv2][query] GET https://firebase.googleapis.com/v1beta1/projects/monospace-15 [none]
[debug] [2025-10-17T04:33:57.644Z] <<< [apiv2][status] GET https://firebase-public.firebaseio.com/cli.json 200
[debug] [2025-10-17T04:33:57.644Z] <<< [apiv2][body] GET https://firebase-public.firebaseio.com/cli.json {"cloudBuildErrorAfter":1594252800000,"cloudBuildWarnAfter":1590019200000,"defaultNode10After":1594252800000,"minVersion":"3.0.5","node8DeploysDisabledAfter":1613390400000,"node8RuntimeDisabledAfter":1615809600000,"node8WarnAfter":1600128000000}
[debug] [2025-10-17T04:33:57.898Z] <<< [apiv2][status] GET https://firebase.googleapis.com/v1beta1/projects/monospace-15 403
[debug] [2025-10-17T04:33:57.898Z] <<< [apiv2][body] GET https://firebase.googleapis.com/v1beta1/projects/monospace-15 {"error":{"code":403,"message":"The caller does not have permission","status":"PERMISSION_DENIED"}}
[debug] [2025-10-17T04:33:57.899Z] Request to https://firebase.googleapis.com/v1beta1/projects/monospace-15 had HTTP Error: 403, The caller does not have permission
[debug] [2025-10-17T04:33:57.900Z] FirebaseError: Request to https://firebase.googleapis.com/v1beta1/projects/monospace-15 had HTTP Error: 403, The caller does not have permission
    at responseToError (/home/user/.npm/_npx/ba4f1959e38407b5/node_modules/firebase-tools/lib/responseToError.js:53:12)
    at RetryOperation._fn (/home/user/.npm/_npx/ba4f1959e38407b5/node_modules/firebase-tools/lib/apiv2.js:312:77)
    at process.processTicksAndRejections (node:internal/process/task_queues:95:5)
[error] 
[error] Error: Failed to get Firebase project monospace-15. Please make sure the project exists and your account has permission to access it.
