[debug] [2025-11-01T14:12:39.180Z] ----------------------------------------------------------------------
[debug] [2025-11-01T14:12:39.190Z] Command:       /usr/local/bin/firebase /Users/wes/.cache/firebase/tools/lib/node_modules/firebase-tools/lib/bin/firebase init
[debug] [2025-11-01T14:12:39.190Z] CLI Version:   14.23.0
[debug] [2025-11-01T14:12:39.190Z] Platform:      darwin
[debug] [2025-11-01T14:12:39.190Z] Node Version:  v20.18.2
[debug] [2025-11-01T14:12:39.191Z] Time:          Sat Nov 01 2025 09:12:39 GMT-0500 (Central Daylight Time)
[debug] [2025-11-01T14:12:39.192Z] ----------------------------------------------------------------------
[debug] 
[info] 
     ######## #### ########  ######## ########     ###     ######  ########
     ##        ##  ##     ## ##       ##     ##  ##   ##  ##       ##
     ######    ##  ########  ######   ########  #########  ######  ######
     ##        ##  ##    ##  ##       ##     ## ##     ##       ## ##
     ##       #### ##     ## ######## ########  ##     ##  ######  ########

You're about to initialize a Firebase project in this directory:

  /Users/wes/CSCE3444 App/Mobile-Knit-and-Crochet-App/Firebase

[info] 
=== Project Setup
[info] 
[info] First, let's associate this project directory with a Firebase project.
[info] You can create multiple project aliases by running firebase use --add, 
[info] 
[debug] [2025-11-01T14:16:09.142Z] > command requires scopes: ["email","openid","https://www.googleapis.com/auth/cloudplatformprojects.readonly","https://www.googleapis.com/auth/firebase","https://www.googleapis.com/auth/cloud-platform"]
[debug] [2025-11-01T14:16:09.149Z] > authorizing via signed-in user (wes.boyle445@gmail.com)
[debug] [2025-11-01T14:16:09.158Z] Checked if tokens are valid: true, expires at: 1762008401303
[debug] [2025-11-01T14:16:09.159Z] Checked if tokens are valid: true, expires at: 1762008401303
[debug] [2025-11-01T14:16:09.163Z] >>> [apiv2][query] GET https://firebase.googleapis.com/v1beta1/projects/monospace-15 [none]
[debug] [2025-11-01T14:16:09.611Z] <<< [apiv2][status] GET https://firebase.googleapis.com/v1beta1/projects/monospace-15 403
[debug] [2025-11-01T14:16:09.612Z] <<< [apiv2][body] GET https://firebase.googleapis.com/v1beta1/projects/monospace-15 {"error":{"code":403,"message":"The caller does not have permission","status":"PERMISSION_DENIED"}}
[debug] [2025-11-01T14:16:09.616Z] Request to https://firebase.googleapis.com/v1beta1/projects/monospace-15 had HTTP Error: 403, The caller does not have permission
[debug] [2025-11-01T14:16:09.689Z] FirebaseError: Request to https://firebase.googleapis.com/v1beta1/projects/monospace-15 had HTTP Error: 403, The caller does not have permission
    at responseToError (/Users/wes/.cache/firebase/tools/lib/node_modules/firebase-tools/lib/responseToError.js:53:12)
    at RetryOperation._fn (/Users/wes/.cache/firebase/tools/lib/node_modules/firebase-tools/lib/apiv2.js:322:77)
    at process.processTicksAndRejections (node:internal/process/task_queues:95:5)
[error] 
[error] Error: Failed to get Firebase project monospace-15. Please make sure the project exists and your account has permission to access it.
[debug] [2025-11-01T14:17:19.474Z] ----------------------------------------------------------------------
[debug] [2025-11-01T14:17:19.489Z] Command:       /usr/local/bin/firebase /Users/wes/.cache/firebase/tools/lib/node_modules/firebase-tools/lib/bin/firebase init
[debug] [2025-11-01T14:17:19.491Z] CLI Version:   14.23.0
[debug] [2025-11-01T14:17:19.491Z] Platform:      darwin
[debug] [2025-11-01T14:17:19.491Z] Node Version:  v20.18.2
[debug] [2025-11-01T14:17:19.493Z] Time:          Sat Nov 01 2025 09:17:19 GMT-0500 (Central Daylight Time)
[debug] [2025-11-01T14:17:19.494Z] ----------------------------------------------------------------------
[debug] 
[info] 
     ######## #### ########  ######## ########     ###     ######  ########
     ##        ##  ##     ## ##       ##     ##  ##   ##  ##       ##
     ######    ##  ########  ######   ########  #########  ######  ######
     ##        ##  ##    ##  ##       ##     ## ##     ##       ## ##
     ##       #### ##     ## ######## ########  ##     ##  ######  ########

You're about to initialize a Firebase project in this directory:

  /Users/wes/CSCE3444 App/Mobile-Knit-and-Crochet-App/Firebase

